[17984:11496:0305/185744.140:WARNING:t_skinfilemap.cpp(56)] SGRenderLog:CheckUpdate newMem.OpenMem failed, szNewMem:Local\sgime_skin.v9.filemap.sogouime err:系统错误2: 系统找不到指定的文件。  
打开Filemap失败: Local\sgime_skin.v9.filemap.sogouime302696498a7
[17984:11496:0305/185744.140:WARNING:t_skinfilemap.cpp(65)] SGRenderLog:CheckUpdate finish: old version:1
[17984:11496:0305/185744.140:WARNING:t_skinfilemap.cpp(67)] SGRenderLog:CheckUpdate finish: new version:9
[17984:11496:0305/185744.179:WARNING:t_skinfilemap.cpp(63)] SGRenderLog:CheckUpdate newMem.OpenMem Suc, szNewMem:Local\sgime_skin.Dpi144.v9.filemap.sogouime
[17984:11496:0305/185744.179:WARNING:t_skinfilemap.cpp(65)] SGRenderLog:CheckUpdate finish: old version:9
[17984:11496:0305/185744.180:WARNING:t_skinfilemap.cpp(67)] SGRenderLog:CheckUpdate finish: new version:9
[28200:37852:0305/185952.944:WARNING:t_skinfilemap.cpp(56)] SGRenderLog:CheckUpdate newMem.OpenMem failed, szNewMem:Local\sgime_skin.v9.filemap.sogouime err:系统错误2: 系统找不到指定的文件。  
打开Filemap失败: Local\sgime_skin.v9.filemap.sogouime302696498a7
[28200:37852:0305/185952.944:WARNING:t_skinfilemap.cpp(65)] SGRenderLog:CheckUpdate finish: old version:1
[28200:37852:0305/185952.944:WARNING:t_skinfilemap.cpp(67)] SGRenderLog:CheckUpdate finish: new version:9
[28200:37852:0305/185953.010:WARNING:t_skinfilemap.cpp(63)] SGRenderLog:CheckUpdate newMem.OpenMem Suc, szNewMem:Local\sgime_skin.Dpi144.v9.filemap.sogouime
[28200:37852:0305/185953.010:WARNING:t_skinfilemap.cpp(65)] SGRenderLog:CheckUpdate finish: old version:9
[28200:37852:0305/185953.010:WARNING:t_skinfilemap.cpp(67)] SGRenderLog:CheckUpdate finish: new version:9
[23476:51308:0305/190031.203:WARNING:t_skinfilemap.cpp(56)] SGRenderLog:CheckUpdate newMem.OpenMem failed, szNewMem:Local\sgime_skin.v9.filemap.sogouime err:系统错误2: 系统找不到指定的文件。  
打开Filemap失败: Local\sgime_skin.v9.filemap.sogouime302696498a7
[23476:51308:0305/190031.203:WARNING:t_skinfilemap.cpp(65)] SGRenderLog:CheckUpdate finish: old version:1
[23476:51308:0305/190031.203:WARNING:t_skinfilemap.cpp(67)] SGRenderLog:CheckUpdate finish: new version:9
[23476:51308:0305/190031.243:WARNING:t_skinfilemap.cpp(63)] SGRenderLog:CheckUpdate newMem.OpenMem Suc, szNewMem:Local\sgime_skin.Dpi144.v9.filemap.sogouime
[23476:51308:0305/190031.243:WARNING:t_skinfilemap.cpp(65)] SGRenderLog:CheckUpdate finish: old version:9
[23476:51308:0305/190031.243:WARNING:t_skinfilemap.cpp(67)] SGRenderLog:CheckUpdate finish: new version:9
[38048:41868:0305/190227.874:WARNING:t_skinfilemap.cpp(56)] SGRenderLog:CheckUpdate newMem.OpenMem failed, szNewMem:Local\sgime_skin.v9.filemap.sogouime err:系统错误2: 系统找不到指定的文件。  
打开Filemap失败: Local\sgime_skin.v9.filemap.sogouime302696498a7
[38048:41868:0305/190227.874:WARNING:t_skinfilemap.cpp(65)] SGRenderLog:CheckUpdate finish: old version:1
[38048:41868:0305/190227.874:WARNING:t_skinfilemap.cpp(67)] SGRenderLog:CheckUpdate finish: new version:9
[38048:41868:0305/190227.917:WARNING:t_skinfilemap.cpp(63)] SGRenderLog:CheckUpdate newMem.OpenMem Suc, szNewMem:Local\sgime_skin.Dpi144.v9.filemap.sogouime
[38048:41868:0305/190227.917:WARNING:t_skinfilemap.cpp(65)] SGRenderLog:CheckUpdate finish: old version:9
[38048:41868:0305/190227.917:WARNING:t_skinfilemap.cpp(67)] SGRenderLog:CheckUpdate finish: new version:9
